<?xml version="1.0" encoding="UTF-8"?>
<testng-results ignored="0" total="1" passed="1" failed="0" skipped="0">
  <reporter-output>
  </reporter-output>
  <suite started-at="2023-12-22T17:18:36 EST" name="Command line suite" finished-at="2023-12-22T17:18:59 EST" duration-ms="22295">
    <groups>
    </groups>
    <test started-at="2023-12-22T17:18:36 EST" name="Command line test" finished-at="2023-12-22T17:18:59 EST" duration-ms="22295">
      <class name="steps.TestMain">
        <test-method is-config="true" signature="setUp()[pri:0, instance:steps.TestMain@4fe3c938]" started-at="2023-12-22T17:18:36 EST" name="setUp" finished-at="2023-12-22T17:18:45 EST" duration-ms="8683" status="PASS">
          <reporter-output>
          </reporter-output>
        </test-method> <!-- setUp -->
        <test-method signature="loginAndCreateUserTest()[pri:1, instance:steps.TestMain@4fe3c938]" started-at="2023-12-22T17:18:45 EST" name="loginAndCreateUserTest" finished-at="2023-12-22T17:18:58 EST" duration-ms="13346" status="PASS">
          <reporter-output>
          </reporter-output>
        </test-method> <!-- loginAndCreateUserTest -->
        <test-method is-config="true" signature="tearDown()[pri:0, instance:steps.TestMain@4fe3c938]" started-at="2023-12-22T17:18:58 EST" name="tearDown" finished-at="2023-12-22T17:18:59 EST" duration-ms="214" status="PASS">
          <reporter-output>
          </reporter-output>
        </test-method> <!-- tearDown -->
      </class> <!-- steps.TestMain -->
    </test> <!-- Command line test -->
  </suite> <!-- Command line suite -->
</testng-results>
